============================= test session starts =============================
platform win32 -- Python 3.10.11, pytest-9.0.2, pluggy-1.6.0 -- C:\Users\User\AppData\Local\Programs\Python\Python310\python.exe
cachedir: .pytest_cache
rootdir: C:\Users\User\workspace\Fasah-Tabadol-Automation\.claude\worktrees\nervous-lederberg
plugins: anyio-4.13.0, asyncio-1.3.0, cov-7.1.0, mock-3.15.1
asyncio: mode=strict, debug=False, asyncio_default_fixture_loop_scope=None, asyncio_default_test_loop_scope=function
collecting ... ERROR: file or directory not found: tests/

collected 0 items

============================ no tests ran in 0.01s ============================
